0 info it worked if it ends with ok
1 verbose cli [ '/home/ubuntu/.nvm/versions/node/v4.1.2/bin/node',
1 verbose cli   '/home/ubuntu/.nvm/versions/node/v4.1.2/bin/npm',
1 verbose cli   'install',
1 verbose cli   'mongodb' ]
2 info using npm@2.14.4
3 info using node@v4.1.2
4 verbose install initial load of /home/ubuntu/workspace/mystuff/package.json
5 verbose readDependencies loading dependencies from /home/ubuntu/workspace/mystuff/package.json
6 silly cache add args [ 'mongodb', null ]
7 verbose cache add spec mongodb
8 silly cache add parsed spec Result {
8 silly cache add   raw: 'mongodb',
8 silly cache add   scope: null,
8 silly cache add   name: 'mongodb',
8 silly cache add   rawSpec: '',
8 silly cache add   spec: '*',
8 silly cache add   type: 'range' }
9 silly addNamed mongodb@*
10 verbose addNamed "*" is a valid semver range for mongodb
11 silly addNameRange { name: 'mongodb', range: '*', hasData: false }
12 silly mapToRegistry name mongodb
13 silly mapToRegistry using default registry
14 silly mapToRegistry registry http://localhost:15443/
15 silly mapToRegistry uri http://localhost:15443/mongodb
16 verbose addNameRange registry:http://localhost:15443/mongodb not in flight; fetching
17 verbose request uri http://localhost:15443/mongodb
18 verbose request no auth needed
19 info attempt registry request try #1 at 9:55:36 AM
20 verbose request id 1c89983bcc3e8e4e
21 http request GET http://localhost:15443/mongodb
22 info retry will retry, error on last attempt: Error: connect ECONNREFUSED 127.0.0.1:15443
23 info attempt registry request try #2 at 9:55:46 AM
24 http request GET http://localhost:15443/mongodb
25 info retry will retry, error on last attempt: Error: connect ECONNREFUSED 127.0.0.1:15443
26 info attempt registry request try #3 at 9:56:46 AM
27 http request GET http://localhost:15443/mongodb
28 verbose stack Error: connect ECONNREFUSED 127.0.0.1:15443
28 verbose stack     at Object.exports._errnoException (util.js:849:11)
28 verbose stack     at exports._exceptionWithHostPort (util.js:872:20)
28 verbose stack     at TCPConnectWrap.afterConnect [as oncomplete] (net.js:1060:14)
29 verbose cwd /home/ubuntu/workspace/mystuff
30 error Linux 4.8.8-c9
31 error argv "/home/ubuntu/.nvm/versions/node/v4.1.2/bin/node" "/home/ubuntu/.nvm/versions/node/v4.1.2/bin/npm" "install" "mongodb"
32 error node v4.1.2
33 error npm  v2.14.4
34 error code ECONNREFUSED
35 error errno ECONNREFUSED
36 error syscall connect
37 error Error: connect ECONNREFUSED 127.0.0.1:15443
37 error     at Object.exports._errnoException (util.js:849:11)
37 error     at exports._exceptionWithHostPort (util.js:872:20)
37 error     at TCPConnectWrap.afterConnect [as oncomplete] (net.js:1060:14)
37 error  { [Error: connect ECONNREFUSED 127.0.0.1:15443]
37 error   code: 'ECONNREFUSED',
37 error   errno: 'ECONNREFUSED',
37 error   syscall: 'connect',
37 error   address: '127.0.0.1',
37 error   port: 15443,
37 error   parent: '@avsingh1/mystuff' }
38 error If you are behind a proxy, please make sure that the
38 error 'proxy' config is set properly.  See: 'npm help config'
39 verbose exit [ 1, true ]
